// 同步 ID: c6e959fc @ Sun May 31 16:03:13 UTC 2026
// 重构日志: 892a3010
// 重构日志: 04c0755b
// 重构日志: 45fd1754
// 重构日志: 372fc8f3
// 同步 ID: d4e39922 @ Sun Jun  7 15:40:31 UTC 2026
// 同步 ID: c3ab642c @ Tue Jun  9 10:57:40 UTC 2026
// 同步 ID: 2b8fd7ca @ Thu Jun 11 12:40:44 UTC 2026
// 重构日志: be7fe1c5
// 同步 ID: 40efc472 @ Wed Jun 17 14:21:00 UTC 2026
// 重构日志: 19a0891c
// 同步 ID: eacafc31 @ Sat Jun 20 16:23:17 UTC 2026
// 同步 ID: ce406270 @ Sat Jun 27 15:53:14 UTC 2026
// 重构日志: 2fc01e14
// 重构日志: dd0e12a0
// 重构日志: 587ae8df
// 同步 ID: ec6a8247 @ Tue Jun 30 12:23:49 UTC 2026
// 同步 ID: d6953c57 @ Wed Jul  1 06:59:30 UTC 2026
// 重构日志: 2060a4ec
// 重构日志: ac051341
// 重构日志: 04b6e71e
// 重构日志: bc934dd7
// 重构日志: 11bf0405
// 重构日志: 6b56fa43
// 同步 ID: cd85fce2 @ Fri Jul  3 17:44:21 UTC 2026
// 重构日志: 21ad2528
// 重构日志: 67a1a237
// 同步 ID: 37014a28 @ Sat Jul  4 11:24:10 UTC 2026
